<?xml version="1.0" encoding="UTF-8"?>
<testsuite xmlns:xsi="http://www.w3.org/2001/XMLSchema-instance" xsi:schemaLocation="https://maven.apache.org/surefire/maven-surefire-plugin/xsd/surefire-test-report.xsd" name="com.example.demo.controllers.UserControllerTest" time="0.047" tests="4" errors="0" skipped="0" failures="0">
  <properties>
[...]
</properties>
  <testcase name="find_by_username_happy_path" classname="com.example.demo.controllers.UserControllerTest" time="0.039"/>
  <testcase name="find_by_id_happy_path" classname="com.example.demo.controllers.UserControllerTest" time="0.002"/>
  <testcase name="create_user_sad_path" classname="com.example.demo.controllers.UserControllerTest" time="0.002"/>
  <testcase name="create_user_happy_path" classname="com.example.demo.controllers.UserControllerTest" time="0.002"/>
</testsuite>